[2024-09-06 13:09:58] local.ERROR: Call to undefined method App\Http\Controllers\Auth\IndexController::index() {"exception":"[object] (Error(code: 0): Call to undefined method App\\Http\\Controllers\\Auth\\IndexController::index() at /mnt/c/Users/jrml/Desktop/webserver/Udemy/VILT/vendor/laravel/framework/src/Illuminate/Routing/ControllerDispatcher.php:46)
[stacktrace]
#0 /mnt/c/Users/jrml/Desktop/webserver/Udemy/VILT/vendor/laravel/framework/src/Illuminate/Routing/Route.php(260): Illuminate\\Routing\\ControllerDispatcher->dispatch()
#1 /mnt/c/Users/jrml/Desktop/webserver/Udemy/VILT/vendor/laravel/framework/src/Illuminate/Routing/Route.php(205): Illuminate\\Routing\\Route->runController()
#2 /mnt/c/Users/jrml/Desktop/webserver/Udemy/VILT/vendor/laravel/framework/src/Illuminate/Routing/Router.php(798): Illuminate\\Routing\\Route->run()
#3 /mnt/c/Users/jrml/Desktop/webserver/Udemy/VILT/vendor/laravel/framework/src/Illuminate/Pipeline/Pipeline.php(141): Illuminate\\Routing\\Router->Illuminate\\Routing\\{closure}()
#4 /mnt/c/Users/jrml/Desktop/webserver/Udemy/VILT/vendor/inertiajs/inertia-laravel/src/Middleware.php(87): Illuminate\\Pipeline\\Pipeline->Illuminate\\Pipeline\\{closure}()
#5 /mnt/c/Users/jrml/Desktop/webserver/Udemy/VILT/vendor/laravel/framework/src/Illuminate/Pipeline/Pipeline.php(180): Inertia\\Middleware->handle()
#6 /mnt/c/Users/jrml/Desktop/webserver/Udemy/VILT/vendor/laravel/framework/src/Illuminate/Routing/Middleware/SubstituteBindings.php(50): Illuminate\\Pipeline\\Pipeline->Illuminate\\Pipeline\\{closure}()
#7 /mnt/c/Users/jrml/Desktop/webserver/Udemy/VILT/vendor/laravel/framework/src/Illuminate/Pipeline/Pipeline.php(180): Illuminate\\Routing\\Middleware\\SubstituteBindings->handle()
#8 /mnt/c/Users/jrml/Desktop/webserver/Udemy/VILT/vendor/laravel/framework/src/Illuminate/Foundation/Http/Middleware/VerifyCsrfToken.php(78): Illuminate\\Pipeline\\Pipeline->Illuminate\\Pipeline\\{closure}()
#9 /mnt/c/Users/jrml/Desktop/webserver/Udemy/VILT/vendor/laravel/framework/src/Illuminate/Pipeline/Pipeline.php(180): Illuminate\\Foundation\\Http\\Middleware\\VerifyCsrfToken->handle()
#10 /mnt/c/Users/jrml/Desktop/webserver/Udemy/VILT/vendor/laravel/framework/src/Illuminate/View/Middleware/ShareErrorsFromSession.php(49): Illuminate\\Pipeline\\Pipeline->Illuminate\\Pipeline\\{closure}()
#11 /mnt/c/Users/jrml/Desktop/webserver/Udemy/VILT/vendor/laravel/framework/src/Illuminate/Pipeline/Pipeline.php(180): Illuminate\\View\\Middleware\\ShareErrorsFromSession->handle()
#12 /mnt/c/Users/jrml/Desktop/webserver/Udemy/VILT/vendor/laravel/framework/src/Illuminate/Session/Middleware/StartSession.php(121): Illuminate\\Pipeline\\Pipeline->Illuminate\\Pipeline\\{closure}()
#13 /mnt/c/Users/jrml/Desktop/webserver/Udemy/VILT/vendor/laravel/framework/src/Illuminate/Session/Middleware/StartSession.php(64): Illuminate\\Session\\Middleware\\StartSession->handleStatefulRequest()
#14 /mnt/c/Users/jrml/Desktop/webserver/Udemy/VILT/vendor/laravel/framework/src/Illuminate/Pipeline/Pipeline.php(180): Illuminate\\Session\\Middleware\\StartSession->handle()
#15 /mnt/c/Users/jrml/Desktop/webserver/Udemy/VILT/vendor/laravel/framework/src/Illuminate/Cookie/Middleware/AddQueuedCookiesToResponse.php(37): Illuminate\\Pipeline\\Pipeline->Illuminate\\Pipeline\\{closure}()
#16 /mnt/c/Users/jrml/Desktop/webserver/Udemy/VILT/vendor/laravel/framework/src/Illuminate/Pipeline/Pipeline.php(180): Illuminate\\Cookie\\Middleware\\AddQueuedCookiesToResponse->handle()
#17 /mnt/c/Users/jrml/Desktop/webserver/Udemy/VILT/vendor/laravel/framework/src/Illuminate/Cookie/Middleware/EncryptCookies.php(67): Illuminate\\Pipeline\\Pipeline->Illuminate\\Pipeline\\{closure}()
#18 /mnt/c/Users/jrml/Desktop/webserver/Udemy/VILT/vendor/laravel/framework/src/Illuminate/Pipeline/Pipeline.php(180): Illuminate\\Cookie\\Middleware\\EncryptCookies->handle()
#19 /mnt/c/Users/jrml/Desktop/webserver/Udemy/VILT/vendor/laravel/framework/src/Illuminate/Pipeline/Pipeline.php(116): Illuminate\\Pipeline\\Pipeline->Illuminate\\Pipeline\\{closure}()
#20 /mnt/c/Users/jrml/Desktop/webserver/Udemy/VILT/vendor/laravel/framework/src/Illuminate/Routing/Router.php(799): Illuminate\\Pipeline\\Pipeline->then()
#21 /mnt/c/Users/jrml/Desktop/webserver/Udemy/VILT/vendor/laravel/framework/src/Illuminate/Routing/Router.php(776): Illuminate\\Routing\\Router->runRouteWithinStack()
#22 /mnt/c/Users/jrml/Desktop/webserver/Udemy/VILT/vendor/laravel/framework/src/Illuminate/Routing/Router.php(740): Illuminate\\Routing\\Router->runRoute()
#23 /mnt/c/Users/jrml/Desktop/webserver/Udemy/VILT/vendor/laravel/framework/src/Illuminate/Routing/Router.php(729): Illuminate\\Routing\\Router->dispatchToRoute()
#24 /mnt/c/Users/jrml/Desktop/webserver/Udemy/VILT/vendor/laravel/framework/src/Illuminate/Foundation/Http/Kernel.php(190): Illuminate\\Routing\\Router->dispatch()
#25 /mnt/c/Users/jrml/Desktop/webserver/Udemy/VILT/vendor/laravel/framework/src/Illuminate/Pipeline/Pipeline.php(141): Illuminate\\Foundation\\Http\\Kernel->Illuminate\\Foundation\\Http\\{closure}()
#26 /mnt/c/Users/jrml/Desktop/webserver/Udemy/VILT/vendor/barryvdh/laravel-debugbar/src/Middleware/InjectDebugbar.php(66): Illuminate\\Pipeline\\Pipeline->Illuminate\\Pipeline\\{closure}()
#27 /mnt/c/Users/jrml/Desktop/webserver/Udemy/VILT/vendor/laravel/framework/src/Illuminate/Pipeline/Pipeline.php(180): Barryvdh\\Debugbar\\Middleware\\InjectDebugbar->handle()
#28 /mnt/c/Users/jrml/Desktop/webserver/Udemy/VILT/vendor/laravel/framework/src/Illuminate/Foundation/Http/Middleware/TransformsRequest.php(21): Illuminate\\Pipeline\\Pipeline->Illuminate\\Pipeline\\{closure}()
#29 /mnt/c/Users/jrml/Desktop/webserver/Udemy/VILT/vendor/laravel/framework/src/Illuminate/Foundation/Http/Middleware/ConvertEmptyStringsToNull.php(31): Illuminate\\Foundation\\Http\\Middleware\\TransformsRequest->handle()
#30 /mnt/c/Users/jrml/Desktop/webserver/Udemy/VILT/vendor/laravel/framework/src/Illuminate/Pipeline/Pipeline.php(180): Illuminate\\Foundation\\Http\\Middleware\\ConvertEmptyStringsToNull->handle()
#31 /mnt/c/Users/jrml/Desktop/webserver/Udemy/VILT/vendor/laravel/framework/src/Illuminate/Foundation/Http/Middleware/TransformsRequest.php(21): Illuminate\\Pipeline\\Pipeline->Illuminate\\Pipeline\\{closure}()
#32 /mnt/c/Users/jrml/Desktop/webserver/Udemy/VILT/vendor/laravel/framework/src/Illuminate/Foundation/Http/Middleware/TrimStrings.php(40): Illuminate\\Foundation\\Http\\Middleware\\TransformsRequest->handle()
#33 /mnt/c/Users/jrml/Desktop/webserver/Udemy/VILT/vendor/laravel/framework/src/Illuminate/Pipeline/Pipeline.php(180): Illuminate\\Foundation\\Http\\Middleware\\TrimStrings->handle()
#34 /mnt/c/Users/jrml/Desktop/webserver/Udemy/VILT/vendor/laravel/framework/src/Illuminate/Foundation/Http/Middleware/ValidatePostSize.php(27): Illuminate\\Pipeline\\Pipeline->Illuminate\\Pipeline\\{closure}()
#35 /mnt/c/Users/jrml/Desktop/webserver/Udemy/VILT/vendor/laravel/framework/src/Illuminate/Pipeline/Pipeline.php(180): Illuminate\\Foundation\\Http\\Middleware\\ValidatePostSize->handle()
#36 /mnt/c/Users/jrml/Desktop/webserver/Udemy/VILT/vendor/laravel/framework/src/Illuminate/Foundation/Http/Middleware/PreventRequestsDuringMaintenance.php(86): Illuminate\\Pipeline\\Pipeline->Illuminate\\Pipeline\\{closure}()
#37 /mnt/c/Users/jrml/Desktop/webserver/Udemy/VILT/vendor/laravel/framework/src/Illuminate/Pipeline/Pipeline.php(180): Illuminate\\Foundation\\Http\\Middleware\\PreventRequestsDuringMaintenance->handle()
#38 /mnt/c/Users/jrml/Desktop/webserver/Udemy/VILT/vendor/laravel/framework/src/Illuminate/Http/Middleware/HandleCors.php(49): Illuminate\\Pipeline\\Pipeline->Illuminate\\Pipeline\\{closure}()
#39 /mnt/c/Users/jrml/Desktop/webserver/Udemy/VILT/vendor/laravel/framework/src/Illuminate/Pipeline/Pipeline.php(180): Illuminate\\Http\\Middleware\\HandleCors->handle()
#40 /mnt/c/Users/jrml/Desktop/webserver/Udemy/VILT/vendor/laravel/framework/src/Illuminate/Http/Middleware/TrustProxies.php(39): Illuminate\\Pipeline\\Pipeline->Illuminate\\Pipeline\\{closure}()
#41 /mnt/c/Users/jrml/Desktop/webserver/Udemy/VILT/vendor/laravel/framework/src/Illuminate/Pipeline/Pipeline.php(180): Illuminate\\Http\\Middleware\\TrustProxies->handle()
#42 /mnt/c/Users/jrml/Desktop/webserver/Udemy/VILT/vendor/laravel/framework/src/Illuminate/Pipeline/Pipeline.php(116): Illuminate\\Pipeline\\Pipeline->Illuminate\\Pipeline\\{closure}()
#43 /mnt/c/Users/jrml/Desktop/webserver/Udemy/VILT/vendor/laravel/framework/src/Illuminate/Foundation/Http/Kernel.php(165): Illuminate\\Pipeline\\Pipeline->then()
#44 /mnt/c/Users/jrml/Desktop/webserver/Udemy/VILT/vendor/laravel/framework/src/Illuminate/Foundation/Http/Kernel.php(134): Illuminate\\Foundation\\Http\\Kernel->sendRequestThroughRouter()
#45 /mnt/c/Users/jrml/Desktop/webserver/Udemy/VILT/public/index.php(52): Illuminate\\Foundation\\Http\\Kernel->handle()
#46 /mnt/c/Users/jrml/Desktop/webserver/Udemy/VILT/vendor/laravel/framework/src/Illuminate/Foundation/resources/server.php(16): require_once('...')
#47 {main}
"} 
[2024-09-06 13:10:00] local.ERROR: file_put_contents(C:\Users\jrml\Desktop\webserver\Udemy\VILT\storage\framework/sessions/9OSod6NWXaKOYBXvcqsYowHLlYFZLYlbPRiu4ggP): Failed to open stream: No such file or directory {"exception":"[object] (ErrorException(code: 0): file_put_contents(C:\\Users\\jrml\\Desktop\\webserver\\Udemy\\VILT\\storage\\framework/sessions/9OSod6NWXaKOYBXvcqsYowHLlYFZLYlbPRiu4ggP): Failed to open stream: No such file or directory at /mnt/c/Users/jrml/Desktop/webserver/Udemy/VILT/vendor/laravel/framework/src/Illuminate/Filesystem/Filesystem.php:190)
[stacktrace]
#0 /mnt/c/Users/jrml/Desktop/webserver/Udemy/VILT/vendor/laravel/framework/src/Illuminate/Foundation/Bootstrap/HandleExceptions.php(270): Illuminate\\Foundation\\Bootstrap\\HandleExceptions->handleError()
#1 [internal function]: Illuminate\\Foundation\\Bootstrap\\HandleExceptions->Illuminate\\Foundation\\Bootstrap\\{closure}()
#2 /mnt/c/Users/jrml/Desktop/webserver/Udemy/VILT/vendor/laravel/framework/src/Illuminate/Filesystem/Filesystem.php(190): file_put_contents()
#3 /mnt/c/Users/jrml/Desktop/webserver/Udemy/VILT/vendor/laravel/framework/src/Illuminate/Session/FileSessionHandler.php(90): Illuminate\\Filesystem\\Filesystem->put()
#4 /mnt/c/Users/jrml/Desktop/webserver/Udemy/VILT/vendor/laravel/framework/src/Illuminate/Session/Store.php(173): Illuminate\\Session\\FileSessionHandler->write()
#5 /mnt/c/Users/jrml/Desktop/webserver/Udemy/VILT/vendor/laravel/framework/src/Illuminate/Session/Middleware/StartSession.php(238): Illuminate\\Session\\Store->save()
#6 /mnt/c/Users/jrml/Desktop/webserver/Udemy/VILT/vendor/laravel/framework/src/Illuminate/Session/Middleware/StartSession.php(130): Illuminate\\Session\\Middleware\\StartSession->saveSession()
#7 /mnt/c/Users/jrml/Desktop/webserver/Udemy/VILT/vendor/laravel/framework/src/Illuminate/Session/Middleware/StartSession.php(64): Illuminate\\Session\\Middleware\\StartSession->handleStatefulRequest()
#8 /mnt/c/Users/jrml/Desktop/webserver/Udemy/VILT/vendor/laravel/framework/src/Illuminate/Pipeline/Pipeline.php(180): Illuminate\\Session\\Middleware\\StartSession->handle()
#9 /mnt/c/Users/jrml/Desktop/webserver/Udemy/VILT/vendor/laravel/framework/src/Illuminate/Cookie/Middleware/AddQueuedCookiesToResponse.php(37): Illuminate\\Pipeline\\Pipeline->Illuminate\\Pipeline\\{closure}()
#10 /mnt/c/Users/jrml/Desktop/webserver/Udemy/VILT/vendor/laravel/framework/src/Illuminate/Pipeline/Pipeline.php(180): Illuminate\\Cookie\\Middleware\\AddQueuedCookiesToResponse->handle()
#11 /mnt/c/Users/jrml/Desktop/webserver/Udemy/VILT/vendor/laravel/framework/src/Illuminate/Cookie/Middleware/EncryptCookies.php(67): Illuminate\\Pipeline\\Pipeline->Illuminate\\Pipeline\\{closure}()
#12 /mnt/c/Users/jrml/Desktop/webserver/Udemy/VILT/vendor/laravel/framework/src/Illuminate/Pipeline/Pipeline.php(180): Illuminate\\Cookie\\Middleware\\EncryptCookies->handle()
#13 /mnt/c/Users/jrml/Desktop/webserver/Udemy/VILT/vendor/laravel/framework/src/Illuminate/Pipeline/Pipeline.php(116): Illuminate\\Pipeline\\Pipeline->Illuminate\\Pipeline\\{closure}()
#14 /mnt/c/Users/jrml/Desktop/webserver/Udemy/VILT/vendor/laravel/framework/src/Illuminate/Routing/Router.php(799): Illuminate\\Pipeline\\Pipeline->then()
#15 /mnt/c/Users/jrml/Desktop/webserver/Udemy/VILT/vendor/laravel/framework/src/Illuminate/Routing/Router.php(776): Illuminate\\Routing\\Router->runRouteWithinStack()
#16 /mnt/c/Users/jrml/Desktop/webserver/Udemy/VILT/vendor/laravel/framework/src/Illuminate/Routing/Router.php(740): Illuminate\\Routing\\Router->runRoute()
#17 /mnt/c/Users/jrml/Desktop/webserver/Udemy/VILT/vendor/laravel/framework/src/Illuminate/Routing/Router.php(729): Illuminate\\Routing\\Router->dispatchToRoute()
#18 /mnt/c/Users/jrml/Desktop/webserver/Udemy/VILT/vendor/laravel/framework/src/Illuminate/Foundation/Http/Kernel.php(190): Illuminate\\Routing\\Router->dispatch()
#19 /mnt/c/Users/jrml/Desktop/webserver/Udemy/VILT/vendor/laravel/framework/src/Illuminate/Pipeline/Pipeline.php(141): Illuminate\\Foundation\\Http\\Kernel->Illuminate\\Foundation\\Http\\{closure}()
#20 /mnt/c/Users/jrml/Desktop/webserver/Udemy/VILT/vendor/barryvdh/laravel-debugbar/src/Middleware/InjectDebugbar.php(66): Illuminate\\Pipeline\\Pipeline->Illuminate\\Pipeline\\{closure}()
#21 /mnt/c/Users/jrml/Desktop/webserver/Udemy/VILT/vendor/laravel/framework/src/Illuminate/Pipeline/Pipeline.php(180): Barryvdh\\Debugbar\\Middleware\\InjectDebugbar->handle()
#22 /mnt/c/Users/jrml/Desktop/webserver/Udemy/VILT/vendor/laravel/framework/src/Illuminate/Foundation/Http/Middleware/TransformsRequest.php(21): Illuminate\\Pipeline\\Pipeline->Illuminate\\Pipeline\\{closure}()
#23 /mnt/c/Users/jrml/Desktop/webserver/Udemy/VILT/vendor/laravel/framework/src/Illuminate/Foundation/Http/Middleware/ConvertEmptyStringsToNull.php(31): Illuminate\\Foundation\\Http\\Middleware\\TransformsRequest->handle()
#24 /mnt/c/Users/jrml/Desktop/webserver/Udemy/VILT/vendor/laravel/framework/src/Illuminate/Pipeline/Pipeline.php(180): Illuminate\\Foundation\\Http\\Middleware\\ConvertEmptyStringsToNull->handle()
#25 /mnt/c/Users/jrml/Desktop/webserver/Udemy/VILT/vendor/laravel/framework/src/Illuminate/Foundation/Http/Middleware/TransformsRequest.php(21): Illuminate\\Pipeline\\Pipeline->Illuminate\\Pipeline\\{closure}()
#26 /mnt/c/Users/jrml/Desktop/webserver/Udemy/VILT/vendor/laravel/framework/src/Illuminate/Foundation/Http/Middleware/TrimStrings.php(40): Illuminate\\Foundation\\Http\\Middleware\\TransformsRequest->handle()
#27 /mnt/c/Users/jrml/Desktop/webserver/Udemy/VILT/vendor/laravel/framework/src/Illuminate/Pipeline/Pipeline.php(180): Illuminate\\Foundation\\Http\\Middleware\\TrimStrings->handle()
#28 /mnt/c/Users/jrml/Desktop/webserver/Udemy/VILT/vendor/laravel/framework/src/Illuminate/Foundation/Http/Middleware/ValidatePostSize.php(27): Illuminate\\Pipeline\\Pipeline->Illuminate\\Pipeline\\{closure}()
#29 /mnt/c/Users/jrml/Desktop/webserver/Udemy/VILT/vendor/laravel/framework/src/Illuminate/Pipeline/Pipeline.php(180): Illuminate\\Foundation\\Http\\Middleware\\ValidatePostSize->handle()
#30 /mnt/c/Users/jrml/Desktop/webserver/Udemy/VILT/vendor/laravel/framework/src/Illuminate/Foundation/Http/Middleware/PreventRequestsDuringMaintenance.php(86): Illuminate\\Pipeline\\Pipeline->Illuminate\\Pipeline\\{closure}()
#31 /mnt/c/Users/jrml/Desktop/webserver/Udemy/VILT/vendor/laravel/framework/src/Illuminate/Pipeline/Pipeline.php(180): Illuminate\\Foundation\\Http\\Middleware\\PreventRequestsDuringMaintenance->handle()
#32 /mnt/c/Users/jrml/Desktop/webserver/Udemy/VILT/vendor/laravel/framework/src/Illuminate/Http/Middleware/HandleCors.php(49): Illuminate\\Pipeline\\Pipeline->Illuminate\\Pipeline\\{closure}()
#33 /mnt/c/Users/jrml/Desktop/webserver/Udemy/VILT/vendor/laravel/framework/src/Illuminate/Pipeline/Pipeline.php(180): Illuminate\\Http\\Middleware\\HandleCors->handle()
#34 /mnt/c/Users/jrml/Desktop/webserver/Udemy/VILT/vendor/laravel/framework/src/Illuminate/Http/Middleware/TrustProxies.php(39): Illuminate\\Pipeline\\Pipeline->Illuminate\\Pipeline\\{closure}()
#35 /mnt/c/Users/jrml/Desktop/webserver/Udemy/VILT/vendor/laravel/framework/src/Illuminate/Pipeline/Pipeline.php(180): Illuminate\\Http\\Middleware\\TrustProxies->handle()
#36 /mnt/c/Users/jrml/Desktop/webserver/Udemy/VILT/vendor/laravel/framework/src/Illuminate/Pipeline/Pipeline.php(116): Illuminate\\Pipeline\\Pipeline->Illuminate\\Pipeline\\{closure}()
#37 /mnt/c/Users/jrml/Desktop/webserver/Udemy/VILT/vendor/laravel/framework/src/Illuminate/Foundation/Http/Kernel.php(165): Illuminate\\Pipeline\\Pipeline->then()
#38 /mnt/c/Users/jrml/Desktop/webserver/Udemy/VILT/vendor/laravel/framework/src/Illuminate/Foundation/Http/Kernel.php(134): Illuminate\\Foundation\\Http\\Kernel->sendRequestThroughRouter()
#39 /mnt/c/Users/jrml/Desktop/webserver/Udemy/VILT/public/index.php(52): Illuminate\\Foundation\\Http\\Kernel->handle()
#40 /mnt/c/Users/jrml/Desktop/webserver/Udemy/VILT/vendor/laravel/framework/src/Illuminate/Foundation/resources/server.php(16): require_once('...')
#41 {main}
"} 
[2024-09-06 13:11:00] local.ERROR: Call to undefined method App\Http\Controllers\Auth\IndexController::index() {"exception":"[object] (Error(code: 0): Call to undefined method App\\Http\\Controllers\\Auth\\IndexController::index() at /mnt/c/Users/jrml/Desktop/webserver/Udemy/VILT/vendor/laravel/framework/src/Illuminate/Routing/ControllerDispatcher.php:46)
[stacktrace]
#0 /mnt/c/Users/jrml/Desktop/webserver/Udemy/VILT/vendor/laravel/framework/src/Illuminate/Routing/Route.php(260): Illuminate\\Routing\\ControllerDispatcher->dispatch()
#1 /mnt/c/Users/jrml/Desktop/webserver/Udemy/VILT/vendor/laravel/framework/src/Illuminate/Routing/Route.php(205): Illuminate\\Routing\\Route->runController()
#2 /mnt/c/Users/jrml/Desktop/webserver/Udemy/VILT/vendor/laravel/framework/src/Illuminate/Routing/Router.php(798): Illuminate\\Routing\\Route->run()
#3 /mnt/c/Users/jrml/Desktop/webserver/Udemy/VILT/vendor/laravel/framework/src/Illuminate/Pipeline/Pipeline.php(141): Illuminate\\Routing\\Router->Illuminate\\Routing\\{closure}()
#4 /mnt/c/Users/jrml/Desktop/webserver/Udemy/VILT/vendor/inertiajs/inertia-laravel/src/Middleware.php(87): Illuminate\\Pipeline\\Pipeline->Illuminate\\Pipeline\\{closure}()
#5 /mnt/c/Users/jrml/Desktop/webserver/Udemy/VILT/vendor/laravel/framework/src/Illuminate/Pipeline/Pipeline.php(180): Inertia\\Middleware->handle()
#6 /mnt/c/Users/jrml/Desktop/webserver/Udemy/VILT/vendor/laravel/framework/src/Illuminate/Routing/Middleware/SubstituteBindings.php(50): Illuminate\\Pipeline\\Pipeline->Illuminate\\Pipeline\\{closure}()
#7 /mnt/c/Users/jrml/Desktop/webserver/Udemy/VILT/vendor/laravel/framework/src/Illuminate/Pipeline/Pipeline.php(180): Illuminate\\Routing\\Middleware\\SubstituteBindings->handle()
#8 /mnt/c/Users/jrml/Desktop/webserver/Udemy/VILT/vendor/laravel/framework/src/Illuminate/Foundation/Http/Middleware/VerifyCsrfToken.php(78): Illuminate\\Pipeline\\Pipeline->Illuminate\\Pipeline\\{closure}()
#9 /mnt/c/Users/jrml/Desktop/webserver/Udemy/VILT/vendor/laravel/framework/src/Illuminate/Pipeline/Pipeline.php(180): Illuminate\\Foundation\\Http\\Middleware\\VerifyCsrfToken->handle()
#10 /mnt/c/Users/jrml/Desktop/webserver/Udemy/VILT/vendor/laravel/framework/src/Illuminate/View/Middleware/ShareErrorsFromSession.php(49): Illuminate\\Pipeline\\Pipeline->Illuminate\\Pipeline\\{closure}()
#11 /mnt/c/Users/jrml/Desktop/webserver/Udemy/VILT/vendor/laravel/framework/src/Illuminate/Pipeline/Pipeline.php(180): Illuminate\\View\\Middleware\\ShareErrorsFromSession->handle()
#12 /mnt/c/Users/jrml/Desktop/webserver/Udemy/VILT/vendor/laravel/framework/src/Illuminate/Session/Middleware/StartSession.php(121): Illuminate\\Pipeline\\Pipeline->Illuminate\\Pipeline\\{closure}()
#13 /mnt/c/Users/jrml/Desktop/webserver/Udemy/VILT/vendor/laravel/framework/src/Illuminate/Session/Middleware/StartSession.php(64): Illuminate\\Session\\Middleware\\StartSession->handleStatefulRequest()
#14 /mnt/c/Users/jrml/Desktop/webserver/Udemy/VILT/vendor/laravel/framework/src/Illuminate/Pipeline/Pipeline.php(180): Illuminate\\Session\\Middleware\\StartSession->handle()
#15 /mnt/c/Users/jrml/Desktop/webserver/Udemy/VILT/vendor/laravel/framework/src/Illuminate/Cookie/Middleware/AddQueuedCookiesToResponse.php(37): Illuminate\\Pipeline\\Pipeline->Illuminate\\Pipeline\\{closure}()
#16 /mnt/c/Users/jrml/Desktop/webserver/Udemy/VILT/vendor/laravel/framework/src/Illuminate/Pipeline/Pipeline.php(180): Illuminate\\Cookie\\Middleware\\AddQueuedCookiesToResponse->handle()
#17 /mnt/c/Users/jrml/Desktop/webserver/Udemy/VILT/vendor/laravel/framework/src/Illuminate/Cookie/Middleware/EncryptCookies.php(67): Illuminate\\Pipeline\\Pipeline->Illuminate\\Pipeline\\{closure}()
#18 /mnt/c/Users/jrml/Desktop/webserver/Udemy/VILT/vendor/laravel/framework/src/Illuminate/Pipeline/Pipeline.php(180): Illuminate\\Cookie\\Middleware\\EncryptCookies->handle()
#19 /mnt/c/Users/jrml/Desktop/webserver/Udemy/VILT/vendor/laravel/framework/src/Illuminate/Pipeline/Pipeline.php(116): Illuminate\\Pipeline\\Pipeline->Illuminate\\Pipeline\\{closure}()
#20 /mnt/c/Users/jrml/Desktop/webserver/Udemy/VILT/vendor/laravel/framework/src/Illuminate/Routing/Router.php(799): Illuminate\\Pipeline\\Pipeline->then()
#21 /mnt/c/Users/jrml/Desktop/webserver/Udemy/VILT/vendor/laravel/framework/src/Illuminate/Routing/Router.php(776): Illuminate\\Routing\\Router->runRouteWithinStack()
#22 /mnt/c/Users/jrml/Desktop/webserver/Udemy/VILT/vendor/laravel/framework/src/Illuminate/Routing/Router.php(740): Illuminate\\Routing\\Router->runRoute()
#23 /mnt/c/Users/jrml/Desktop/webserver/Udemy/VILT/vendor/laravel/framework/src/Illuminate/Routing/Router.php(729): Illuminate\\Routing\\Router->dispatchToRoute()
#24 /mnt/c/Users/jrml/Desktop/webserver/Udemy/VILT/vendor/laravel/framework/src/Illuminate/Foundation/Http/Kernel.php(190): Illuminate\\Routing\\Router->dispatch()
#25 /mnt/c/Users/jrml/Desktop/webserver/Udemy/VILT/vendor/laravel/framework/src/Illuminate/Pipeline/Pipeline.php(141): Illuminate\\Foundation\\Http\\Kernel->Illuminate\\Foundation\\Http\\{closure}()
#26 /mnt/c/Users/jrml/Desktop/webserver/Udemy/VILT/vendor/barryvdh/laravel-debugbar/src/Middleware/InjectDebugbar.php(66): Illuminate\\Pipeline\\Pipeline->Illuminate\\Pipeline\\{closure}()
#27 /mnt/c/Users/jrml/Desktop/webserver/Udemy/VILT/vendor/laravel/framework/src/Illuminate/Pipeline/Pipeline.php(180): Barryvdh\\Debugbar\\Middleware\\InjectDebugbar->handle()
#28 /mnt/c/Users/jrml/Desktop/webserver/Udemy/VILT/vendor/laravel/framework/src/Illuminate/Foundation/Http/Middleware/TransformsRequest.php(21): Illuminate\\Pipeline\\Pipeline->Illuminate\\Pipeline\\{closure}()
#29 /mnt/c/Users/jrml/Desktop/webserver/Udemy/VILT/vendor/laravel/framework/src/Illuminate/Foundation/Http/Middleware/ConvertEmptyStringsToNull.php(31): Illuminate\\Foundation\\Http\\Middleware\\TransformsRequest->handle()
#30 /mnt/c/Users/jrml/Desktop/webserver/Udemy/VILT/vendor/laravel/framework/src/Illuminate/Pipeline/Pipeline.php(180): Illuminate\\Foundation\\Http\\Middleware\\ConvertEmptyStringsToNull->handle()
#31 /mnt/c/Users/jrml/Desktop/webserver/Udemy/VILT/vendor/laravel/framework/src/Illuminate/Foundation/Http/Middleware/TransformsRequest.php(21): Illuminate\\Pipeline\\Pipeline->Illuminate\\Pipeline\\{closure}()
#32 /mnt/c/Users/jrml/Desktop/webserver/Udemy/VILT/vendor/laravel/framework/src/Illuminate/Foundation/Http/Middleware/TrimStrings.php(40): Illuminate\\Foundation\\Http\\Middleware\\TransformsRequest->handle()
#33 /mnt/c/Users/jrml/Desktop/webserver/Udemy/VILT/vendor/laravel/framework/src/Illuminate/Pipeline/Pipeline.php(180): Illuminate\\Foundation\\Http\\Middleware\\TrimStrings->handle()
#34 /mnt/c/Users/jrml/Desktop/webserver/Udemy/VILT/vendor/laravel/framework/src/Illuminate/Foundation/Http/Middleware/ValidatePostSize.php(27): Illuminate\\Pipeline\\Pipeline->Illuminate\\Pipeline\\{closure}()
#35 /mnt/c/Users/jrml/Desktop/webserver/Udemy/VILT/vendor/laravel/framework/src/Illuminate/Pipeline/Pipeline.php(180): Illuminate\\Foundation\\Http\\Middleware\\ValidatePostSize->handle()
#36 /mnt/c/Users/jrml/Desktop/webserver/Udemy/VILT/vendor/laravel/framework/src/Illuminate/Foundation/Http/Middleware/PreventRequestsDuringMaintenance.php(86): Illuminate\\Pipeline\\Pipeline->Illuminate\\Pipeline\\{closure}()
#37 /mnt/c/Users/jrml/Desktop/webserver/Udemy/VILT/vendor/laravel/framework/src/Illuminate/Pipeline/Pipeline.php(180): Illuminate\\Foundation\\Http\\Middleware\\PreventRequestsDuringMaintenance->handle()
#38 /mnt/c/Users/jrml/Desktop/webserver/Udemy/VILT/vendor/laravel/framework/src/Illuminate/Http/Middleware/HandleCors.php(49): Illuminate\\Pipeline\\Pipeline->Illuminate\\Pipeline\\{closure}()
#39 /mnt/c/Users/jrml/Desktop/webserver/Udemy/VILT/vendor/laravel/framework/src/Illuminate/Pipeline/Pipeline.php(180): Illuminate\\Http\\Middleware\\HandleCors->handle()
#40 /mnt/c/Users/jrml/Desktop/webserver/Udemy/VILT/vendor/laravel/framework/src/Illuminate/Http/Middleware/TrustProxies.php(39): Illuminate\\Pipeline\\Pipeline->Illuminate\\Pipeline\\{closure}()
#41 /mnt/c/Users/jrml/Desktop/webserver/Udemy/VILT/vendor/laravel/framework/src/Illuminate/Pipeline/Pipeline.php(180): Illuminate\\Http\\Middleware\\TrustProxies->handle()
#42 /mnt/c/Users/jrml/Desktop/webserver/Udemy/VILT/vendor/laravel/framework/src/Illuminate/Pipeline/Pipeline.php(116): Illuminate\\Pipeline\\Pipeline->Illuminate\\Pipeline\\{closure}()
#43 /mnt/c/Users/jrml/Desktop/webserver/Udemy/VILT/vendor/laravel/framework/src/Illuminate/Foundation/Http/Kernel.php(165): Illuminate\\Pipeline\\Pipeline->then()
#44 /mnt/c/Users/jrml/Desktop/webserver/Udemy/VILT/vendor/laravel/framework/src/Illuminate/Foundation/Http/Kernel.php(134): Illuminate\\Foundation\\Http\\Kernel->sendRequestThroughRouter()
#45 /mnt/c/Users/jrml/Desktop/webserver/Udemy/VILT/public/index.php(52): Illuminate\\Foundation\\Http\\Kernel->handle()
#46 /mnt/c/Users/jrml/Desktop/webserver/Udemy/VILT/vendor/laravel/framework/src/Illuminate/Foundation/resources/server.php(16): require_once('...')
#47 {main}
"} 
[2024-09-06 13:11:02] local.ERROR: file_put_contents(C:\Users\jrml\Desktop\webserver\Udemy\VILT\storage\framework/sessions/1sTkBDf8lDMTs4M1Z0KehYT6aF2oX809qjJr6O8l): Failed to open stream: No such file or directory {"exception":"[object] (ErrorException(code: 0): file_put_contents(C:\\Users\\jrml\\Desktop\\webserver\\Udemy\\VILT\\storage\\framework/sessions/1sTkBDf8lDMTs4M1Z0KehYT6aF2oX809qjJr6O8l): Failed to open stream: No such file or directory at /mnt/c/Users/jrml/Desktop/webserver/Udemy/VILT/vendor/laravel/framework/src/Illuminate/Filesystem/Filesystem.php:190)
[stacktrace]
#0 /mnt/c/Users/jrml/Desktop/webserver/Udemy/VILT/vendor/laravel/framework/src/Illuminate/Foundation/Bootstrap/HandleExceptions.php(270): Illuminate\\Foundation\\Bootstrap\\HandleExceptions->handleError()
#1 [internal function]: Illuminate\\Foundation\\Bootstrap\\HandleExceptions->Illuminate\\Foundation\\Bootstrap\\{closure}()
#2 /mnt/c/Users/jrml/Desktop/webserver/Udemy/VILT/vendor/laravel/framework/src/Illuminate/Filesystem/Filesystem.php(190): file_put_contents()
#3 /mnt/c/Users/jrml/Desktop/webserver/Udemy/VILT/vendor/laravel/framework/src/Illuminate/Session/FileSessionHandler.php(90): Illuminate\\Filesystem\\Filesystem->put()
#4 /mnt/c/Users/jrml/Desktop/webserver/Udemy/VILT/vendor/laravel/framework/src/Illuminate/Session/Store.php(173): Illuminate\\Session\\FileSessionHandler->write()
#5 /mnt/c/Users/jrml/Desktop/webserver/Udemy/VILT/vendor/laravel/framework/src/Illuminate/Session/Middleware/StartSession.php(238): Illuminate\\Session\\Store->save()
#6 /mnt/c/Users/jrml/Desktop/webserver/Udemy/VILT/vendor/laravel/framework/src/Illuminate/Session/Middleware/StartSession.php(130): Illuminate\\Session\\Middleware\\StartSession->saveSession()
#7 /mnt/c/Users/jrml/Desktop/webserver/Udemy/VILT/vendor/laravel/framework/src/Illuminate/Session/Middleware/StartSession.php(64): Illuminate\\Session\\Middleware\\StartSession->handleStatefulRequest()
#8 /mnt/c/Users/jrml/Desktop/webserver/Udemy/VILT/vendor/laravel/framework/src/Illuminate/Pipeline/Pipeline.php(180): Illuminate\\Session\\Middleware\\StartSession->handle()
#9 /mnt/c/Users/jrml/Desktop/webserver/Udemy/VILT/vendor/laravel/framework/src/Illuminate/Cookie/Middleware/AddQueuedCookiesToResponse.php(37): Illuminate\\Pipeline\\Pipeline->Illuminate\\Pipeline\\{closure}()
#10 /mnt/c/Users/jrml/Desktop/webserver/Udemy/VILT/vendor/laravel/framework/src/Illuminate/Pipeline/Pipeline.php(180): Illuminate\\Cookie\\Middleware\\AddQueuedCookiesToResponse->handle()
#11 /mnt/c/Users/jrml/Desktop/webserver/Udemy/VILT/vendor/laravel/framework/src/Illuminate/Cookie/Middleware/EncryptCookies.php(67): Illuminate\\Pipeline\\Pipeline->Illuminate\\Pipeline\\{closure}()
#12 /mnt/c/Users/jrml/Desktop/webserver/Udemy/VILT/vendor/laravel/framework/src/Illuminate/Pipeline/Pipeline.php(180): Illuminate\\Cookie\\Middleware\\EncryptCookies->handle()
#13 /mnt/c/Users/jrml/Desktop/webserver/Udemy/VILT/vendor/laravel/framework/src/Illuminate/Pipeline/Pipeline.php(116): Illuminate\\Pipeline\\Pipeline->Illuminate\\Pipeline\\{closure}()
#14 /mnt/c/Users/jrml/Desktop/webserver/Udemy/VILT/vendor/laravel/framework/src/Illuminate/Routing/Router.php(799): Illuminate\\Pipeline\\Pipeline->then()
#15 /mnt/c/Users/jrml/Desktop/webserver/Udemy/VILT/vendor/laravel/framework/src/Illuminate/Routing/Router.php(776): Illuminate\\Routing\\Router->runRouteWithinStack()
#16 /mnt/c/Users/jrml/Desktop/webserver/Udemy/VILT/vendor/laravel/framework/src/Illuminate/Routing/Router.php(740): Illuminate\\Routing\\Router->runRoute()
#17 /mnt/c/Users/jrml/Desktop/webserver/Udemy/VILT/vendor/laravel/framework/src/Illuminate/Routing/Router.php(729): Illuminate\\Routing\\Router->dispatchToRoute()
#18 /mnt/c/Users/jrml/Desktop/webserver/Udemy/VILT/vendor/laravel/framework/src/Illuminate/Foundation/Http/Kernel.php(190): Illuminate\\Routing\\Router->dispatch()
#19 /mnt/c/Users/jrml/Desktop/webserver/Udemy/VILT/vendor/laravel/framework/src/Illuminate/Pipeline/Pipeline.php(141): Illuminate\\Foundation\\Http\\Kernel->Illuminate\\Foundation\\Http\\{closure}()
#20 /mnt/c/Users/jrml/Desktop/webserver/Udemy/VILT/vendor/barryvdh/laravel-debugbar/src/Middleware/InjectDebugbar.php(66): Illuminate\\Pipeline\\Pipeline->Illuminate\\Pipeline\\{closure}()
#21 /mnt/c/Users/jrml/Desktop/webserver/Udemy/VILT/vendor/laravel/framework/src/Illuminate/Pipeline/Pipeline.php(180): Barryvdh\\Debugbar\\Middleware\\InjectDebugbar->handle()
#22 /mnt/c/Users/jrml/Desktop/webserver/Udemy/VILT/vendor/laravel/framework/src/Illuminate/Foundation/Http/Middleware/TransformsRequest.php(21): Illuminate\\Pipeline\\Pipeline->Illuminate\\Pipeline\\{closure}()
#23 /mnt/c/Users/jrml/Desktop/webserver/Udemy/VILT/vendor/laravel/framework/src/Illuminate/Foundation/Http/Middleware/ConvertEmptyStringsToNull.php(31): Illuminate\\Foundation\\Http\\Middleware\\TransformsRequest->handle()
#24 /mnt/c/Users/jrml/Desktop/webserver/Udemy/VILT/vendor/laravel/framework/src/Illuminate/Pipeline/Pipeline.php(180): Illuminate\\Foundation\\Http\\Middleware\\ConvertEmptyStringsToNull->handle()
#25 /mnt/c/Users/jrml/Desktop/webserver/Udemy/VILT/vendor/laravel/framework/src/Illuminate/Foundation/Http/Middleware/TransformsRequest.php(21): Illuminate\\Pipeline\\Pipeline->Illuminate\\Pipeline\\{closure}()
#26 /mnt/c/Users/jrml/Desktop/webserver/Udemy/VILT/vendor/laravel/framework/src/Illuminate/Foundation/Http/Middleware/TrimStrings.php(40): Illuminate\\Foundation\\Http\\Middleware\\TransformsRequest->handle()
#27 /mnt/c/Users/jrml/Desktop/webserver/Udemy/VILT/vendor/laravel/framework/src/Illuminate/Pipeline/Pipeline.php(180): Illuminate\\Foundation\\Http\\Middleware\\TrimStrings->handle()
#28 /mnt/c/Users/jrml/Desktop/webserver/Udemy/VILT/vendor/laravel/framework/src/Illuminate/Foundation/Http/Middleware/ValidatePostSize.php(27): Illuminate\\Pipeline\\Pipeline->Illuminate\\Pipeline\\{closure}()
#29 /mnt/c/Users/jrml/Desktop/webserver/Udemy/VILT/vendor/laravel/framework/src/Illuminate/Pipeline/Pipeline.php(180): Illuminate\\Foundation\\Http\\Middleware\\ValidatePostSize->handle()
#30 /mnt/c/Users/jrml/Desktop/webserver/Udemy/VILT/vendor/laravel/framework/src/Illuminate/Foundation/Http/Middleware/PreventRequestsDuringMaintenance.php(86): Illuminate\\Pipeline\\Pipeline->Illuminate\\Pipeline\\{closure}()
#31 /mnt/c/Users/jrml/Desktop/webserver/Udemy/VILT/vendor/laravel/framework/src/Illuminate/Pipeline/Pipeline.php(180): Illuminate\\Foundation\\Http\\Middleware\\PreventRequestsDuringMaintenance->handle()
#32 /mnt/c/Users/jrml/Desktop/webserver/Udemy/VILT/vendor/laravel/framework/src/Illuminate/Http/Middleware/HandleCors.php(49): Illuminate\\Pipeline\\Pipeline->Illuminate\\Pipeline\\{closure}()
#33 /mnt/c/Users/jrml/Desktop/webserver/Udemy/VILT/vendor/laravel/framework/src/Illuminate/Pipeline/Pipeline.php(180): Illuminate\\Http\\Middleware\\HandleCors->handle()
#34 /mnt/c/Users/jrml/Desktop/webserver/Udemy/VILT/vendor/laravel/framework/src/Illuminate/Http/Middleware/TrustProxies.php(39): Illuminate\\Pipeline\\Pipeline->Illuminate\\Pipeline\\{closure}()
#35 /mnt/c/Users/jrml/Desktop/webserver/Udemy/VILT/vendor/laravel/framework/src/Illuminate/Pipeline/Pipeline.php(180): Illuminate\\Http\\Middleware\\TrustProxies->handle()
#36 /mnt/c/Users/jrml/Desktop/webserver/Udemy/VILT/vendor/laravel/framework/src/Illuminate/Pipeline/Pipeline.php(116): Illuminate\\Pipeline\\Pipeline->Illuminate\\Pipeline\\{closure}()
#37 /mnt/c/Users/jrml/Desktop/webserver/Udemy/VILT/vendor/laravel/framework/src/Illuminate/Foundation/Http/Kernel.php(165): Illuminate\\Pipeline\\Pipeline->then()
#38 /mnt/c/Users/jrml/Desktop/webserver/Udemy/VILT/vendor/laravel/framework/src/Illuminate/Foundation/Http/Kernel.php(134): Illuminate\\Foundation\\Http\\Kernel->sendRequestThroughRouter()
#39 /mnt/c/Users/jrml/Desktop/webserver/Udemy/VILT/public/index.php(52): Illuminate\\Foundation\\Http\\Kernel->handle()
#40 /mnt/c/Users/jrml/Desktop/webserver/Udemy/VILT/vendor/laravel/framework/src/Illuminate/Foundation/resources/server.php(16): require_once('...')
#41 {main}
"} 
